c:\users\amiea\desktop\gp2coursework amcg\graphics programming lab 1 solution\gplab1\lab1\debug\vc143.pdb
c:\users\amiea\desktop\gp2coursework amcg\graphics programming lab 1 solution\gplab1\lab1\debug\vc143.idb
c:\users\amiea\desktop\gp2coursework amcg\graphics programming lab 1 solution\gplab1\lab1\debug\texture.obj
c:\users\amiea\desktop\gp2coursework amcg\graphics programming lab 1 solution\gplab1\lab1\debug\terrain.obj
c:\users\amiea\desktop\gp2coursework amcg\graphics programming lab 1 solution\gplab1\lab1\debug\shader.obj
c:\users\amiea\desktop\gp2coursework amcg\graphics programming lab 1 solution\gplab1\lab1\debug\perlinnoise.obj
c:\users\amiea\desktop\gp2coursework amcg\graphics programming lab 1 solution\gplab1\lab1\debug\obj_loader.obj
c:\users\amiea\desktop\gp2coursework amcg\graphics programming lab 1 solution\gplab1\lab1\debug\mesh.obj
c:\users\amiea\desktop\gp2coursework amcg\graphics programming lab 1 solution\gplab1\lab1\debug\maingame.obj
c:\users\amiea\desktop\gp2coursework amcg\graphics programming lab 1 solution\gplab1\lab1\debug\main.obj
c:\users\amiea\desktop\gp2coursework amcg\graphics programming lab 1 solution\gplab1\lab1\debug\light.obj
c:\users\amiea\desktop\gp2coursework amcg\graphics programming lab 1 solution\gplab1\lab1\debug\display.obj
c:\users\amiea\desktop\gp2coursework amcg\graphics programming lab 1 solution\gplab1\lab1\debug\stb_image.obj
c:\users\amiea\desktop\gp2coursework amcg\graphics programming lab 1 solution\gplab1\debug\lab1.exe
c:\users\amiea\desktop\gp2coursework amcg\graphics programming lab 1 solution\gplab1\debug\lab1.pdb
c:\users\amiea\desktop\gp2coursework amcg\graphics programming lab 1 solution\gplab1\lab1\debug\lab1.ilk
c:\users\amiea\desktop\gp2coursework amcg\graphics programming lab 1 solution\gplab1\lab1\debug\lab1.tlog\cl.command.1.tlog
c:\users\amiea\desktop\gp2coursework amcg\graphics programming lab 1 solution\gplab1\lab1\debug\lab1.tlog\cl.items.tlog
c:\users\amiea\desktop\gp2coursework amcg\graphics programming lab 1 solution\gplab1\lab1\debug\lab1.tlog\cl.read.1.tlog
c:\users\amiea\desktop\gp2coursework amcg\graphics programming lab 1 solution\gplab1\lab1\debug\lab1.tlog\cl.write.1.tlog
c:\users\amiea\desktop\gp2coursework amcg\graphics programming lab 1 solution\gplab1\lab1\debug\lab1.tlog\link.command.1.tlog
c:\users\amiea\desktop\gp2coursework amcg\graphics programming lab 1 solution\gplab1\lab1\debug\lab1.tlog\link.read.1.tlog
c:\users\amiea\desktop\gp2coursework amcg\graphics programming lab 1 solution\gplab1\lab1\debug\lab1.tlog\link.secondary.1.tlog
c:\users\amiea\desktop\gp2coursework amcg\graphics programming lab 1 solution\gplab1\lab1\debug\lab1.tlog\link.write.1.tlog
